<html>
<head>
<title>TestNG:  test1</title>
<link href="../testng.css" rel="stylesheet" type="text/css" />
<link href="../my-testng.css" rel="stylesheet" type="text/css" />

<style type="text/css">
.log { display: none;} 
.stack-trace { display: none;} 
</style>
<script type="text/javascript">
<!--
function flip(e) {
  current = e.style.display;
  if (current == 'block') {
    e.style.display = 'none';
    return 0;
  }
  else {
    e.style.display = 'block';
    return 1;
  }
}

function toggleBox(szDivId, elem, msg1, msg2)
{
  var res = -1;  if (document.getElementById) {
    res = flip(document.getElementById(szDivId));
  }
  else if (document.all) {
    // this is the way old msie versions work
    res = flip(document.all[szDivId]);
  }
  if(elem) {
    if(res == 0) elem.innerHTML = msg1; else elem.innerHTML = msg2;
  }

}

function toggleAllBoxes() {
  if (document.getElementsByTagName) {
    d = document.getElementsByTagName('div');
    for (i = 0; i < d.length; i++) {
      if (d[i].className == 'log') {
        flip(d[i]);
      }
    }
  }
}

// -->
</script>

</head>
<body>
<h2 align='center'>test1</h2><table border='1' align="center">
<tr>
<td>Tests passed/Failed/Skipped:</td><td>0/1/2</td>
</tr><tr>
<td>Started on:</td><td>Thu May 09 13:09:03 CST 2019</td>
</tr>
<tr><td>Total time:</td><td>60 seconds (60194 ms)</td>
</tr><tr>
<td>Included groups:</td><td></td>
</tr><tr>
<td>Excluded groups:</td><td></td>
</tr>
</table><p/>
<small><i>(Hover the method name to see the test class name)</i></small><p/>
<table width='100%' border='1' class='invocation-failed'>
<tr><td colspan='4' align='center'><b>FAILED TESTS</b></td></tr>
<tr><td><b>Test method</b></td>
<td width="30%"><b>Exception</b></td>
<td width="10%"><b>Time (seconds)</b></td>
<td><b>Instance</b></td>
</tr>
<tr>
<td title='com.first.testcases.LoginTest.loginTest01()'><b>loginTest01</b><br>Test class: com.first.testcases.LoginTest<br/>
<a href="#Output-1720797452" onClick='toggleBox("Output-1720797452", this, "Show output", "Hide output");'>Show output</a>

<a href="#Output-1720797452" onClick="toggleAllBoxes();">Show all outputs</a>
<div class='log' id="Output-1720797452">
<span style="color:#2A00FF">【info】com.first.utils.TestNGListener：测试用例开始执行</span><br /><br/>
<span style="color:#FF0000">【error】com.first.utils.TestNGListener：测试用例执行失败</span><br /><br/>
</div>
</td>
<td><div><pre>org.openqa.selenium.NoSuchWindowException: no such window: target window already closed
from unknown error: web view not found
  (Session info: chrome=72.0.3626.121)
  (Driver info: chromedriver=2.40.565498 (ea082db3280dd6843ebfb08a625e3eb905c4f5ab),platform=Windows NT 10.0.17134 x86_64) (WARNING: The server did not provide any stacktrace information)
Command duration or timeout: 0 milliseconds
Build info: version: &apos;3.11.0&apos;, revision: &apos;e59cfb3&apos;, time: &apos;2018-03-11T20:26:55.152Z&apos;
System info: host: &apos;YYUF7O9RUYXJ37P&apos;, ip: &apos;192.168.1.109&apos;, os.name: &apos;Windows 10&apos;, os.arch: &apos;amd64&apos;, os.version: &apos;10.0&apos;, java.version: &apos;1.8.0_171&apos;
Driver info: org.openqa.selenium.chrome.ChromeDriver
Capabilities {acceptInsecureCerts: false, acceptSslCerts: false, applicationCacheEnabled: false, browserConnectionEnabled: false, browserName: chrome, chrome: {chromedriverVersion: 2.40.565498 (ea082db3280dd6..., userDataDir: C:\Users\ADMINI~1\AppData\L...}, cssSelectorsEnabled: true, databaseEnabled: false, handlesAlerts: true, hasTouchScreen: false, javascriptEnabled: true, locationContextEnabled: true, mobileEmulationEnabled: false, nativeEvents: true, networkConnectionEnabled: false, pageLoadStrategy: normal, platform: XP, platformName: XP, rotatable: false, setWindowRect: true, takesHeapSnapshot: true, takesScreenshot: true, unexpectedAlertBehaviour: , unhandledPromptBehavior: , version: 72.0.3626.121, webStorageEnabled: true}
Session ID: 710f576627702611e46337e2821c6533
	at org.openqa.selenium.remote.ErrorHandler.createThrowable(ErrorHandler.java:214)
	at org.openqa.selenium.remote.ErrorHandler.throwIfResponseFailed(ErrorHandler.java:166)
	at org.openqa.selenium.remote.http.JsonHttpResponseCodec.reconstructValue(JsonHttpResponseCodec.java:40)
	at org.openqa.selenium.remote.http.AbstractHttpResponseCodec.decode(AbstractHttpResponseCodec.java:80)
	at org.openqa.selenium.remote.http.AbstractHttpResponseCodec.decode(AbstractHttpResponseCodec.java:44)
	at org.openqa.selenium.remote.HttpCommandExecutor.execute(HttpCommandExecutor.java:158)
	at org.openqa.selenium.remote.service.DriverCommandExecutor.execute(DriverCommandExecutor.java:83)
	at org.openqa.selenium.remote.RemoteWebDriver.execute(RemoteWebDriver.java:545)
	at org.openqa.selenium.remote.RemoteWebDriver.get(RemoteWebDriver.java:273)
	at com.first.uiframework.DriverUtils.openWeb(DriverUtils.java:29)
	at com.first.pages.LoginPage.&lt;init&gt;(LoginPage.java:23)
	at com.first.actions.LoginOperate.LoginSuess(LoginOperate.java:26)
	at com.first.actions.LoginOperate.getLoginName(LoginOperate.java:34)
	at com.first.testcases.LoginTest.loginTest01(LoginTest.java:46)
... Removed 28 stack frames</pre></div><a href='#' onClick='toggleBox("stack-trace1720797452", this, "Click to show all stack frames", "Click to hide stack frames")'>Click to show all stack frames</a>
<div class='stack-trace' id='stack-trace1720797452'><pre>org.openqa.selenium.NoSuchWindowException: no such window: target window already closed
from unknown error: web view not found
  (Session info: chrome=72.0.3626.121)
  (Driver info: chromedriver=2.40.565498 (ea082db3280dd6843ebfb08a625e3eb905c4f5ab),platform=Windows NT 10.0.17134 x86_64) (WARNING: The server did not provide any stacktrace information)
Command duration or timeout: 0 milliseconds
Build info: version: &apos;3.11.0&apos;, revision: &apos;e59cfb3&apos;, time: &apos;2018-03-11T20:26:55.152Z&apos;
System info: host: &apos;YYUF7O9RUYXJ37P&apos;, ip: &apos;192.168.1.109&apos;, os.name: &apos;Windows 10&apos;, os.arch: &apos;amd64&apos;, os.version: &apos;10.0&apos;, java.version: &apos;1.8.0_171&apos;
Driver info: org.openqa.selenium.chrome.ChromeDriver
Capabilities {acceptInsecureCerts: false, acceptSslCerts: false, applicationCacheEnabled: false, browserConnectionEnabled: false, browserName: chrome, chrome: {chromedriverVersion: 2.40.565498 (ea082db3280dd6..., userDataDir: C:\Users\ADMINI~1\AppData\L...}, cssSelectorsEnabled: true, databaseEnabled: false, handlesAlerts: true, hasTouchScreen: false, javascriptEnabled: true, locationContextEnabled: true, mobileEmulationEnabled: false, nativeEvents: true, networkConnectionEnabled: false, pageLoadStrategy: normal, platform: XP, platformName: XP, rotatable: false, setWindowRect: true, takesHeapSnapshot: true, takesScreenshot: true, unexpectedAlertBehaviour: , unhandledPromptBehavior: , version: 72.0.3626.121, webStorageEnabled: true}
Session ID: 710f576627702611e46337e2821c6533
	at sun.reflect.GeneratedConstructorAccessor28.newInstance(Unknown Source)
	at sun.reflect.DelegatingConstructorAccessorImpl.newInstance(Unknown Source)
	at java.lang.reflect.Constructor.newInstance(Unknown Source)
	at org.openqa.selenium.remote.ErrorHandler.createThrowable(ErrorHandler.java:214)
	at org.openqa.selenium.remote.ErrorHandler.throwIfResponseFailed(ErrorHandler.java:166)
	at org.openqa.selenium.remote.http.JsonHttpResponseCodec.reconstructValue(JsonHttpResponseCodec.java:40)
	at org.openqa.selenium.remote.http.AbstractHttpResponseCodec.decode(AbstractHttpResponseCodec.java:80)
	at org.openqa.selenium.remote.http.AbstractHttpResponseCodec.decode(AbstractHttpResponseCodec.java:44)
	at org.openqa.selenium.remote.HttpCommandExecutor.execute(HttpCommandExecutor.java:158)
	at org.openqa.selenium.remote.service.DriverCommandExecutor.execute(DriverCommandExecutor.java:83)
	at org.openqa.selenium.remote.RemoteWebDriver.execute(RemoteWebDriver.java:545)
	at org.openqa.selenium.remote.RemoteWebDriver.get(RemoteWebDriver.java:273)
	at com.first.uiframework.DriverUtils.openWeb(DriverUtils.java:29)
	at com.first.pages.LoginPage.&lt;init&gt;(LoginPage.java:23)
	at com.first.actions.LoginOperate.LoginSuess(LoginOperate.java:26)
	at com.first.actions.LoginOperate.getLoginName(LoginOperate.java:34)
	at com.first.testcases.LoginTest.loginTest01(LoginTest.java:46)
	at sun.reflect.NativeMethodAccessorImpl.invoke0(Native Method)
	at sun.reflect.NativeMethodAccessorImpl.invoke(Unknown Source)
	at sun.reflect.DelegatingMethodAccessorImpl.invoke(Unknown Source)
	at java.lang.reflect.Method.invoke(Unknown Source)
	at org.testng.internal.MethodInvocationHelper.invokeMethod(MethodInvocationHelper.java:124)
	at org.testng.internal.Invoker.invokeMethod(Invoker.java:580)
	at org.testng.internal.Invoker.retryFailed(Invoker.java:838)
	at org.testng.internal.Invoker.invokeTestMethods(Invoker.java:1009)
	at org.testng.internal.TestMethodWorker.invokeTestMethods(TestMethodWorker.java:125)
	at org.testng.internal.TestMethodWorker.run(TestMethodWorker.java:109)
	at org.testng.TestRunner.privateRun(TestRunner.java:648)
	at org.testng.TestRunner.run(TestRunner.java:505)
	at org.testng.SuiteRunner.runTest(SuiteRunner.java:455)
	at org.testng.SuiteRunner.runSequentially(SuiteRunner.java:450)
	at org.testng.SuiteRunner.privateRun(SuiteRunner.java:415)
	at org.testng.SuiteRunner.run(SuiteRunner.java:364)
	at org.testng.SuiteRunnerWorker.runSuite(SuiteRunnerWorker.java:52)
	at org.testng.SuiteRunnerWorker.run(SuiteRunnerWorker.java:84)
	at org.testng.TestNG.runSuitesSequentially(TestNG.java:1208)
	at org.testng.TestNG.runSuitesLocally(TestNG.java:1137)
	at org.testng.TestNG.runSuites(TestNG.java:1049)
	at org.testng.TestNG.run(TestNG.java:1017)
	at org.testng.remote.AbstractRemoteTestNG.run(AbstractRemoteTestNG.java:114)
	at org.testng.remote.RemoteTestNG.initAndRun(RemoteTestNG.java:251)
	at org.testng.remote.RemoteTestNG.main(RemoteTestNG.java:77)
</pre></div></td>
<td>0</td>
<td>com.first.testcases.LoginTest@2cd76f31</td></tr>
</table><p>
<table width='100%' border='1' class='invocation-skipped'>
<tr><td colspan='4' align='center'><b>SKIPPED TESTS</b></td></tr>
<tr><td><b>Test method</b></td>
<td width="30%"><b>Exception</b></td>
<td width="10%"><b>Time (seconds)</b></td>
<td><b>Instance</b></td>
</tr>
<tr>
<td title='com.first.testcases.LoginTest.loginTest01()'><b>loginTest01</b><br>Test class: com.first.testcases.LoginTest<br/>
<a href="#Output-1290272762" onClick='toggleBox("Output-1290272762", this, "Show output", "Hide output");'>Show output</a>

<a href="#Output-1290272762" onClick="toggleAllBoxes();">Show all outputs</a>
<div class='log' id="Output-1290272762">
<span style="color:#2A00FF">【info】com.first.utils.TestNGListener：测试用例开始执行</span><br /><br/>
<span style="color:#2A00FF">【info】com.first.uiframework.DriverUtils：打开网址https://service.czworks.cn</span><br /><br/>
<span style="color:#2A00FF">【info】com.first.uiframework.WebElementUtils：在元素 ：请输入账号输入：sysadmin</span><br /><br/>
<span style="color:#2A00FF">【info】com.first.uiframework.WebElementUtils：在元素 ：请输入密码输入：Cz123456</span><br /><br/>
<span style="color:#2A00FF">【info】com.first.uiframework.WebElementUtils：在元素 ：请输入公司码输入：nx</span><br /><br/>
<span style="color:#2A00FF">【info】com.first.uiframework.WebElementUtils：点击元素 ：登录按钮</span><br /><br/>
<span style="color:#2A00FF">【info】com.first.uiframework.WebElementUtils：获取元素：用户菜单文本值</span><br /><br/>
<span style="color:#2A00FF">【info】com.first.utils.TestngRetry：Running retry for 'loginTest01' on class com.first.utils.TestngRetry Retrying 1 times</span><br /><br/>
<span style="color:#FF0000">【error】com.first.utils.TestNGListener：测试用例被跳过</span><br /><br/>
</div>
</td>
<td><div><pre>junit.framework.AssertionFailedError: 登录测试失败 expected:&lt;true&gt; but was:&lt;false&gt;
	at junit.framework.Assert.fail(Assert.java:47)
	at junit.framework.Assert.failNotEquals(Assert.java:282)
	at junit.framework.Assert.assertEquals(Assert.java:64)
	at junit.framework.Assert.assertEquals(Assert.java:149)
	at com.first.testcases.LoginTest.loginTest01(LoginTest.java:49)
... Removed 25 stack frames</pre></div><a href='#' onClick='toggleBox("stack-trace1290272762", this, "Click to show all stack frames", "Click to hide stack frames")'>Click to show all stack frames</a>
<div class='stack-trace' id='stack-trace1290272762'><pre>junit.framework.AssertionFailedError: 登录测试失败 expected:&lt;true&gt; but was:&lt;false&gt;
	at junit.framework.Assert.fail(Assert.java:47)
	at junit.framework.Assert.failNotEquals(Assert.java:282)
	at junit.framework.Assert.assertEquals(Assert.java:64)
	at junit.framework.Assert.assertEquals(Assert.java:149)
	at com.first.testcases.LoginTest.loginTest01(LoginTest.java:49)
	at sun.reflect.NativeMethodAccessorImpl.invoke0(Native Method)
	at sun.reflect.NativeMethodAccessorImpl.invoke(Unknown Source)
	at sun.reflect.DelegatingMethodAccessorImpl.invoke(Unknown Source)
	at java.lang.reflect.Method.invoke(Unknown Source)
	at org.testng.internal.MethodInvocationHelper.invokeMethod(MethodInvocationHelper.java:124)
	at org.testng.internal.Invoker.invokeMethod(Invoker.java:580)
	at org.testng.internal.Invoker.invokeTestMethod(Invoker.java:716)
	at org.testng.internal.Invoker.invokeTestMethods(Invoker.java:988)
	at org.testng.internal.TestMethodWorker.invokeTestMethods(TestMethodWorker.java:125)
	at org.testng.internal.TestMethodWorker.run(TestMethodWorker.java:109)
	at org.testng.TestRunner.privateRun(TestRunner.java:648)
	at org.testng.TestRunner.run(TestRunner.java:505)
	at org.testng.SuiteRunner.runTest(SuiteRunner.java:455)
	at org.testng.SuiteRunner.runSequentially(SuiteRunner.java:450)
	at org.testng.SuiteRunner.privateRun(SuiteRunner.java:415)
	at org.testng.SuiteRunner.run(SuiteRunner.java:364)
	at org.testng.SuiteRunnerWorker.runSuite(SuiteRunnerWorker.java:52)
	at org.testng.SuiteRunnerWorker.run(SuiteRunnerWorker.java:84)
	at org.testng.TestNG.runSuitesSequentially(TestNG.java:1208)
	at org.testng.TestNG.runSuitesLocally(TestNG.java:1137)
	at org.testng.TestNG.runSuites(TestNG.java:1049)
	at org.testng.TestNG.run(TestNG.java:1017)
	at org.testng.remote.AbstractRemoteTestNG.run(AbstractRemoteTestNG.java:114)
	at org.testng.remote.RemoteTestNG.initAndRun(RemoteTestNG.java:251)
	at org.testng.remote.RemoteTestNG.main(RemoteTestNG.java:77)
</pre></div></td>
<td>18</td>
<td>com.first.testcases.LoginTest@2cd76f31</td></tr>
<tr>
<td title='com.first.testcases.LoginTest.loginTest01()'><b>loginTest01</b><br>Test class: com.first.testcases.LoginTest<br/>
<a href="#Output-583559449" onClick='toggleBox("Output-583559449", this, "Show output", "Hide output");'>Show output</a>

<a href="#Output-583559449" onClick="toggleAllBoxes();">Show all outputs</a>
<div class='log' id="Output-583559449">
<span style="color:#2A00FF">【info】com.first.utils.TestNGListener：测试用例开始执行</span><br /><br/>
<span style="color:#2A00FF">【info】com.first.uiframework.DriverUtils：打开网址https://service.czworks.cn</span><br /><br/>
<span style="color:#2A00FF">【info】com.first.uiframework.WebElementUtils：在元素 ：请输入账号输入：sysadmin</span><br /><br/>
<span style="color:#2A00FF">【info】com.first.uiframework.WebElementUtils：在元素 ：请输入密码输入：Cz123456</span><br /><br/>
<span style="color:#2A00FF">【info】com.first.uiframework.WebElementUtils：在元素 ：请输入公司码输入：nx</span><br /><br/>
<span style="color:#2A00FF">【info】com.first.uiframework.WebElementUtils：点击元素 ：登录按钮</span><br /><br/>
<span style="color:#FF0000">【error】com.first.uiframework.WebElementUtils：元素：用户菜单识别异常</span><br /><br/>
<span style="color:#FF0000">【error】com.first.uiframework.WebElementUtils：元素：用户菜单识别异常</span><br /><br/>
<span style="color:#FF0000">【error】com.first.uiframework.WebElementUtils：元素：用户菜单识别异常</span><br /><br/>
<span style="color:#FF0000">【error】com.first.uiframework.WebElementUtils：元素：用户菜单识别异常</span><br /><br/>
<span style="color:#FF0000">【error】com.first.uiframework.WebElementUtils：元素：用户菜单识别异常</span><br /><br/>
<span style="color:#FF0000">【error】com.first.uiframework.WebElementUtils：元素：用户菜单识别异常</span><br /><br/>
<span style="color:#FF0000">【error】com.first.uiframework.WebElementUtils：元素：用户菜单识别异常</span><br /><br/>
<span style="color:#FF0000">【error】com.first.uiframework.WebElementUtils：元素：用户菜单识别异常</span><br /><br/>
<span style="color:#FF0000">【error】com.first.uiframework.WebElementUtils：元素：用户菜单识别异常</span><br /><br/>
<span style="color:#FF0000">【error】com.first.uiframework.WebElementUtils：元素：用户菜单识别异常</span><br /><br/>
<span style="color:#FF0000">【error】com.first.uiframework.WebElementUtils：元素：用户菜单识别异常</span><br /><br/>
<span style="color:#FF0000">【error】com.first.uiframework.WebElementUtils：元素：用户菜单识别异常</span><br /><br/>
<span style="color:#FF0000">【error】com.first.uiframework.WebElementUtils：元素：用户菜单识别异常</span><br /><br/>
<span style="color:#FF0000">【error】com.first.uiframework.WebElementUtils：元素：用户菜单识别异常</span><br /><br/>
<span style="color:#FF0000">【error】com.first.uiframework.WebElementUtils：元素：用户菜单识别异常</span><br /><br/>
<span style="color:#FF0000">【error】com.first.uiframework.WebElementUtils：元素：用户菜单识别异常</span><br /><br/>
<span style="color:#FF0000">【error】com.first.uiframework.WebElementUtils：元素：用户菜单识别异常</span><br /><br/>
<span style="color:#FF0000">【error】com.first.uiframework.WebElementUtils：元素：用户菜单识别异常</span><br /><br/>
<span style="color:#FF0000">【error】com.first.uiframework.WebElementUtils：元素：用户菜单识别异常</span><br /><br/>
<span style="color:#FF0000">【error】com.first.uiframework.WebElementUtils：元素：用户菜单识别异常</span><br /><br/>
<span style="color:#FF0000">【error】com.first.uiframework.WebElementUtils：元素：用户菜单识别异常</span><br /><br/>
<span style="color:#FF0000">【error】com.first.uiframework.WebElementUtils：元素：用户菜单识别异常</span><br /><br/>
<span style="color:#FF0000">【error】com.first.uiframework.WebElementUtils：元素：用户菜单识别异常</span><br /><br/>
<span style="color:#FF0000">【error】com.first.uiframework.WebElementUtils：元素：用户菜单识别异常</span><br /><br/>
<span style="color:#FF0000">【error】com.first.uiframework.WebElementUtils：元素：用户菜单识别异常</span><br /><br/>
<span style="color:#FF0000">【error】com.first.uiframework.WebElementUtils：元素：用户菜单识别异常</span><br /><br/>
<span style="color:#FF0000">【error】com.first.uiframework.WebElementUtils：元素：用户菜单识别异常</span><br /><br/>
<span style="color:#FF0000">【error】com.first.uiframework.WebElementUtils：元素：用户菜单识别异常</span><br /><br/>
<span style="color:#FF0000">【error】com.first.uiframework.WebElementUtils：元素：用户菜单识别异常</span><br /><br/>
<span style="color:#FF0000">【error】com.first.uiframework.WebElementUtils：元素：用户菜单识别异常</span><br /><br/>
<span style="color:#FF0000">【error】com.first.uiframework.WebElementUtils：元素：用户菜单识别异常</span><br /><br/>
<span style="color:#FF0000">【error】com.first.uiframework.WebElementUtils：元素：用户菜单识别异常</span><br /><br/>
<span style="color:#FF0000">【error】com.first.uiframework.WebElementUtils：元素：用户菜单识别异常</span><br /><br/>
<span style="color:#FF0000">【error】com.first.uiframework.WebElementUtils：元素：用户菜单识别异常</span><br /><br/>
<span style="color:#FF0000">【error】com.first.uiframework.WebElementUtils：元素：用户菜单识别异常</span><br /><br/>
<span style="color:#2A00FF">【info】com.first.utils.TestngRetry：Running retry for 'loginTest01' on class com.first.utils.TestngRetry Retrying 2 times</span><br /><br/>
<span style="color:#FF0000">【error】com.first.utils.TestNGListener：测试用例被跳过</span><br /><br/>
</div>
</td>
<td><div><pre>org.openqa.selenium.TimeoutException: Expected condition failed: waiting for com.first.uiframework.WebElementUtils$1@7e70bd39 (tried for 20 second(s) with 500 milliseconds interval)
	at org.openqa.selenium.support.ui.WebDriverWait.timeoutException(WebDriverWait.java:81)
	at org.openqa.selenium.support.ui.FluentWait.until(FluentWait.java:271)
	at com.first.uiframework.WebElementUtils.findElement(WebElementUtils.java:60)
	at com.first.uiframework.WebElementUtils.getText(WebElementUtils.java:83)
	at com.first.pages.MainPage.getLoginUserName(MainPage.java:15)
	at com.first.actions.LoginOperate.getLoginName(LoginOperate.java:35)
	at com.first.testcases.LoginTest.loginTest01(LoginTest.java:46)
Caused by: org.openqa.selenium.NoSuchWindowException: no such window: target window already closed
from unknown error: web view not found
  (Session info: chrome=72.0.3626.121)
  (Driver info: chromedriver=2.40.565498 (ea082db3280dd6843ebfb08a625e3eb905c4f5ab),platform=Windows NT 10.0.17134 x86_64) (WARNING: The server did not provide any stacktrace information)
Command duration or timeout: 0 milliseconds
Build info: version: &apos;3.11.0&apos;, revision: &apos;e59cfb3&apos;, time: &apos;2018-03-11T20:26:55.152Z&apos;
System info: host: &apos;YYUF7O9RUYXJ37P&apos;, ip: &apos;192.168.1.109&apos;, os.name: &apos;Windows 10&apos;, os.arch: &apos;amd64&apos;, os.version: &apos;10.0&apos;, java.version: &apos;1.8.0_171&apos;
Driver info: org.openqa.selenium.chrome.ChromeDriver
Capabilities {acceptInsecureCerts: false, acceptSslCerts: false, applicationCacheEnabled: false, browserConnectionEnabled: false, browserName: chrome, chrome: {chromedriverVersion: 2.40.565498 (ea082db3280dd6..., userDataDir: C:\Users\ADMINI~1\AppData\L...}, cssSelectorsEnabled: true, databaseEnabled: false, handlesAlerts: true, hasTouchScreen: false, javascriptEnabled: true, locationContextEnabled: true, mobileEmulationEnabled: false, nativeEvents: true, networkConnectionEnabled: false, pageLoadStrategy: normal, platform: XP, platformName: XP, rotatable: false, setWindowRect: true, takesHeapSnapshot: true, takesScreenshot: true, unexpectedAlertBehaviour: , unhandledPromptBehavior: , version: 72.0.3626.121, webStorageEnabled: true}
Session ID: 710f576627702611e46337e2821c6533
	at org.openqa.selenium.remote.ErrorHandler.createThrowable(ErrorHandler.java:214)
	at org.openqa.selenium.remote.ErrorHandler.throwIfResponseFailed(ErrorHandler.java:166)
	at org.openqa.selenium.remote.http.JsonHttpResponseCodec.reconstructValue(JsonHttpResponseCodec.java:40)
	at org.openqa.selenium.remote.http.AbstractHttpResponseCodec.decode(AbstractHttpResponseCodec.java:80)
	at org.openqa.selenium.remote.http.AbstractHttpResponseCodec.decode(AbstractHttpResponseCodec.java:44)
	at org.openqa.selenium.remote.HttpCommandExecutor.execute(HttpCommandExecutor.java:158)
	at org.openqa.selenium.remote.service.DriverCommandExecutor.execute(DriverCommandExecutor.java:83)
	at org.openqa.selenium.remote.RemoteWebDriver.execute(RemoteWebDriver.java:545)
	at org.openqa.selenium.remote.RemoteWebDriver.execute(RemoteWebDriver.java:602)
	at org.openqa.selenium.remote.RemoteWebDriver.getScreenshotAs(RemoteWebDriver.java:291)
	at com.first.uiframework.DriverUtils.takeScreenShot(DriverUtils.java:74)
	at com.first.uiframework.DriverUtils.takeScreenShot(DriverUtils.java:69)
	at com.first.uiframework.WebElementUtils.getElement(WebElementUtils.java:53)
	at com.first.uiframework.WebElementUtils$1.apply(WebElementUtils.java:62)
	at com.first.uiframework.WebElementUtils$1.apply(WebElementUtils.java:1)
	at org.openqa.selenium.support.ui.FluentWait.until(FluentWait.java:248)
	... 30 more
... Removed 28 stack frames</pre></div><a href='#' onClick='toggleBox("stack-trace583559449", this, "Click to show all stack frames", "Click to hide stack frames")'>Click to show all stack frames</a>
<div class='stack-trace' id='stack-trace583559449'><pre>org.openqa.selenium.TimeoutException: Expected condition failed: waiting for com.first.uiframework.WebElementUtils$1@7e70bd39 (tried for 20 second(s) with 500 milliseconds interval)
	at org.openqa.selenium.support.ui.WebDriverWait.timeoutException(WebDriverWait.java:81)
	at org.openqa.selenium.support.ui.FluentWait.until(FluentWait.java:271)
	at com.first.uiframework.WebElementUtils.findElement(WebElementUtils.java:60)
	at com.first.uiframework.WebElementUtils.getText(WebElementUtils.java:83)
	at com.first.pages.MainPage.getLoginUserName(MainPage.java:15)
	at com.first.actions.LoginOperate.getLoginName(LoginOperate.java:35)
	at com.first.testcases.LoginTest.loginTest01(LoginTest.java:46)
	at sun.reflect.NativeMethodAccessorImpl.invoke0(Native Method)
	at sun.reflect.NativeMethodAccessorImpl.invoke(Unknown Source)
	at sun.reflect.DelegatingMethodAccessorImpl.invoke(Unknown Source)
	at java.lang.reflect.Method.invoke(Unknown Source)
	at org.testng.internal.MethodInvocationHelper.invokeMethod(MethodInvocationHelper.java:124)
	at org.testng.internal.Invoker.invokeMethod(Invoker.java:580)
	at org.testng.internal.Invoker.retryFailed(Invoker.java:838)
	at org.testng.internal.Invoker.invokeTestMethods(Invoker.java:1009)
	at org.testng.internal.TestMethodWorker.invokeTestMethods(TestMethodWorker.java:125)
	at org.testng.internal.TestMethodWorker.run(TestMethodWorker.java:109)
	at org.testng.TestRunner.privateRun(TestRunner.java:648)
	at org.testng.TestRunner.run(TestRunner.java:505)
	at org.testng.SuiteRunner.runTest(SuiteRunner.java:455)
	at org.testng.SuiteRunner.runSequentially(SuiteRunner.java:450)
	at org.testng.SuiteRunner.privateRun(SuiteRunner.java:415)
	at org.testng.SuiteRunner.run(SuiteRunner.java:364)
	at org.testng.SuiteRunnerWorker.runSuite(SuiteRunnerWorker.java:52)
	at org.testng.SuiteRunnerWorker.run(SuiteRunnerWorker.java:84)
	at org.testng.TestNG.runSuitesSequentially(TestNG.java:1208)
	at org.testng.TestNG.runSuitesLocally(TestNG.java:1137)
	at org.testng.TestNG.runSuites(TestNG.java:1049)
	at org.testng.TestNG.run(TestNG.java:1017)
	at org.testng.remote.AbstractRemoteTestNG.run(AbstractRemoteTestNG.java:114)
	at org.testng.remote.RemoteTestNG.initAndRun(RemoteTestNG.java:251)
	at org.testng.remote.RemoteTestNG.main(RemoteTestNG.java:77)
Caused by: org.openqa.selenium.NoSuchWindowException: no such window: target window already closed
from unknown error: web view not found
  (Session info: chrome=72.0.3626.121)
  (Driver info: chromedriver=2.40.565498 (ea082db3280dd6843ebfb08a625e3eb905c4f5ab),platform=Windows NT 10.0.17134 x86_64) (WARNING: The server did not provide any stacktrace information)
Command duration or timeout: 0 milliseconds
Build info: version: &apos;3.11.0&apos;, revision: &apos;e59cfb3&apos;, time: &apos;2018-03-11T20:26:55.152Z&apos;
System info: host: &apos;YYUF7O9RUYXJ37P&apos;, ip: &apos;192.168.1.109&apos;, os.name: &apos;Windows 10&apos;, os.arch: &apos;amd64&apos;, os.version: &apos;10.0&apos;, java.version: &apos;1.8.0_171&apos;
Driver info: org.openqa.selenium.chrome.ChromeDriver
Capabilities {acceptInsecureCerts: false, acceptSslCerts: false, applicationCacheEnabled: false, browserConnectionEnabled: false, browserName: chrome, chrome: {chromedriverVersion: 2.40.565498 (ea082db3280dd6..., userDataDir: C:\Users\ADMINI~1\AppData\L...}, cssSelectorsEnabled: true, databaseEnabled: false, handlesAlerts: true, hasTouchScreen: false, javascriptEnabled: true, locationContextEnabled: true, mobileEmulationEnabled: false, nativeEvents: true, networkConnectionEnabled: false, pageLoadStrategy: normal, platform: XP, platformName: XP, rotatable: false, setWindowRect: true, takesHeapSnapshot: true, takesScreenshot: true, unexpectedAlertBehaviour: , unhandledPromptBehavior: , version: 72.0.3626.121, webStorageEnabled: true}
Session ID: 710f576627702611e46337e2821c6533
	at sun.reflect.GeneratedConstructorAccessor28.newInstance(Unknown Source)
	at sun.reflect.DelegatingConstructorAccessorImpl.newInstance(Unknown Source)
	at java.lang.reflect.Constructor.newInstance(Unknown Source)
	at org.openqa.selenium.remote.ErrorHandler.createThrowable(ErrorHandler.java:214)
	at org.openqa.selenium.remote.ErrorHandler.throwIfResponseFailed(ErrorHandler.java:166)
	at org.openqa.selenium.remote.http.JsonHttpResponseCodec.reconstructValue(JsonHttpResponseCodec.java:40)
	at org.openqa.selenium.remote.http.AbstractHttpResponseCodec.decode(AbstractHttpResponseCodec.java:80)
	at org.openqa.selenium.remote.http.AbstractHttpResponseCodec.decode(AbstractHttpResponseCodec.java:44)
	at org.openqa.selenium.remote.HttpCommandExecutor.execute(HttpCommandExecutor.java:158)
	at org.openqa.selenium.remote.service.DriverCommandExecutor.execute(DriverCommandExecutor.java:83)
	at org.openqa.selenium.remote.RemoteWebDriver.execute(RemoteWebDriver.java:545)
	at org.openqa.selenium.remote.RemoteWebDriver.execute(RemoteWebDriver.java:602)
	at org.openqa.selenium.remote.RemoteWebDriver.getScreenshotAs(RemoteWebDriver.java:291)
	at com.first.uiframework.DriverUtils.takeScreenShot(DriverUtils.java:74)
	at com.first.uiframework.DriverUtils.takeScreenShot(DriverUtils.java:69)
	at com.first.uiframework.WebElementUtils.getElement(WebElementUtils.java:53)
	at com.first.uiframework.WebElementUtils$1.apply(WebElementUtils.java:62)
	at com.first.uiframework.WebElementUtils$1.apply(WebElementUtils.java:1)
	at org.openqa.selenium.support.ui.FluentWait.until(FluentWait.java:248)
	... 30 more
</pre></div></td>
<td>23</td>
<td>com.first.testcases.LoginTest@2cd76f31</td></tr>
</table><p>
</body>
</html>