<!DOCTYPE html PUBLIC "-//W3C//DTD XHTML 1.1//EN" "http://www.w3.org/TR/xhtml11/DTD/xhtml11.dtd">
<html xmlns="http://www.w3.org/1999/xhtml">
<head>
<meta http-equiv="content-type" content="text/html; charset=UTF-8"/>
<title>TestNG Report</title>
<style type="text/css">table {margin-bottom:10px;border-collapse:collapse;empty-cells:show}th,td {border:1px solid #009;padding:.25em .5em}th {vertical-align:bottom}td {vertical-align:top}table a {font-weight:bold}.stripe td {background-color: #E6EBF9}.num {text-align:right}.passedodd td {background-color: #3F3}.passedeven td {background-color: #0A0}.skippedodd td {background-color: #DDD}.skippedeven td {background-color: #CCC}.failedodd td,.attn {background-color: #F33}.failedeven td,.stripe .attn {background-color: #D00}.stacktrace {white-space:pre;font-family:monospace}.totop {font-size:85%;text-align:center;border-bottom:2px solid #000}.invisible {display:none}</style>
</head>
<body>
<table>
<tr><th>Test</th><th># Passed</th><th># Skipped</th><th># Failed</th><th>Time (ms)</th><th>Included Groups</th><th>Excluded Groups</th></tr>
<tr><th colspan="7">suite1</th></tr>
<tr><td><a href="#t0">test1</a></td><td class="num">0</td><td class="num attn">2</td><td class="num attn">1</td><td class="num">60,194</td><td></td><td></td></tr>
</table>
<table id='summary'><thead><tr><th>Class</th><th>Method</th><th>Start</th><th>Time (ms)</th></tr></thead><tbody><tr><th colspan="4">suite1</th></tr></tbody><tbody id="t0"><tr><th colspan="4">test1 &#8212; failed</th></tr><tr class="failedeven"><td rowspan="1">com.first.testcases.LoginTest</td><td><a href="#m0">loginTest01</a></td><td rowspan="1">1557378599664</td><td rowspan="1">35</td></tr><tr><th colspan="4">test1 &#8212; skipped</th></tr><tr class="skippedeven"><td rowspan="2">com.first.testcases.LoginTest</td><td><a href="#m1">loginTest01</a></td><td rowspan="2">1557378576324</td><td rowspan="2">23333</td></tr><tr class="skippedeven"><td><a href="#m2">loginTest01</a></td></tr></tbody>
</table>
<h2>test1</h2><h3 id="m0">com.first.testcases.LoginTest#loginTest01</h3><table class="result"><tr><th>Messages</th></tr><tr><td><div class="messages"><span style="color:#2A00FF">【info】com.first.utils.TestNGListener：测试用例开始执行</span><br /><br/><span style="color:#FF0000">【error】com.first.utils.TestNGListener：测试用例执行失败</span><br /></div></td></tr><tr><th>Exception</th></tr><tr><td><div class="stacktrace">org.openqa.selenium.NoSuchWindowException: no such window: target window already closed
from unknown error: web view not found
  (Session info: chrome=72.0.3626.121)
  (Driver info: chromedriver=2.40.565498 (ea082db3280dd6843ebfb08a625e3eb905c4f5ab),platform=Windows NT 10.0.17134 x86_64) (WARNING: The server did not provide any stacktrace information)
Command duration or timeout: 0 milliseconds
Build info: version: &apos;3.11.0&apos;, revision: &apos;e59cfb3&apos;, time: &apos;2018-03-11T20:26:55.152Z&apos;
System info: host: &apos;YYUF7O9RUYXJ37P&apos;, ip: &apos;192.168.1.109&apos;, os.name: &apos;Windows 10&apos;, os.arch: &apos;amd64&apos;, os.version: &apos;10.0&apos;, java.version: &apos;1.8.0_171&apos;
Driver info: org.openqa.selenium.chrome.ChromeDriver
Capabilities {acceptInsecureCerts: false, acceptSslCerts: false, applicationCacheEnabled: false, browserConnectionEnabled: false, browserName: chrome, chrome: {chromedriverVersion: 2.40.565498 (ea082db3280dd6..., userDataDir: C:\Users\ADMINI~1\AppData\L...}, cssSelectorsEnabled: true, databaseEnabled: false, handlesAlerts: true, hasTouchScreen: false, javascriptEnabled: true, locationContextEnabled: true, mobileEmulationEnabled: false, nativeEvents: true, networkConnectionEnabled: false, pageLoadStrategy: normal, platform: XP, platformName: XP, rotatable: false, setWindowRect: true, takesHeapSnapshot: true, takesScreenshot: true, unexpectedAlertBehaviour: , unhandledPromptBehavior: , version: 72.0.3626.121, webStorageEnabled: true}
Session ID: 710f576627702611e46337e2821c6533
	at org.openqa.selenium.remote.ErrorHandler.createThrowable(ErrorHandler.java:214)
	at org.openqa.selenium.remote.ErrorHandler.throwIfResponseFailed(ErrorHandler.java:166)
	at org.openqa.selenium.remote.http.JsonHttpResponseCodec.reconstructValue(JsonHttpResponseCodec.java:40)
	at org.openqa.selenium.remote.http.AbstractHttpResponseCodec.decode(AbstractHttpResponseCodec.java:80)
	at org.openqa.selenium.remote.http.AbstractHttpResponseCodec.decode(AbstractHttpResponseCodec.java:44)
	at org.openqa.selenium.remote.HttpCommandExecutor.execute(HttpCommandExecutor.java:158)
	at org.openqa.selenium.remote.service.DriverCommandExecutor.execute(DriverCommandExecutor.java:83)
	at org.openqa.selenium.remote.RemoteWebDriver.execute(RemoteWebDriver.java:545)
	at org.openqa.selenium.remote.RemoteWebDriver.get(RemoteWebDriver.java:273)
	at com.first.uiframework.DriverUtils.openWeb(DriverUtils.java:29)
	at com.first.pages.LoginPage.&lt;init&gt;(LoginPage.java:23)
	at com.first.actions.LoginOperate.LoginSuess(LoginOperate.java:26)
	at com.first.actions.LoginOperate.getLoginName(LoginOperate.java:34)
	at com.first.testcases.LoginTest.loginTest01(LoginTest.java:46)
... Removed 28 stack frames</div></td></tr></table><p class="totop"><a href="#summary">back to summary</a></p>
<h3 id="m1">com.first.testcases.LoginTest#loginTest01</h3><table class="result"><tr><th>Messages</th></tr><tr><td><div class="messages"><span style="color:#2A00FF">【info】com.first.utils.TestNGListener：测试用例开始执行</span><br /><br/><span style="color:#2A00FF">【info】com.first.uiframework.DriverUtils：打开网址https://service.czworks.cn</span><br /><br/><span style="color:#2A00FF">【info】com.first.uiframework.WebElementUtils：在元素 ：请输入账号输入：sysadmin</span><br /><br/><span style="color:#2A00FF">【info】com.first.uiframework.WebElementUtils：在元素 ：请输入密码输入：Cz123456</span><br /><br/><span style="color:#2A00FF">【info】com.first.uiframework.WebElementUtils：在元素 ：请输入公司码输入：nx</span><br /><br/><span style="color:#2A00FF">【info】com.first.uiframework.WebElementUtils：点击元素 ：登录按钮</span><br /><br/><span style="color:#FF0000">【error】com.first.uiframework.WebElementUtils：元素：用户菜单识别异常</span><br /><br/><span style="color:#FF0000">【error】com.first.uiframework.WebElementUtils：元素：用户菜单识别异常</span><br /><br/><span style="color:#FF0000">【error】com.first.uiframework.WebElementUtils：元素：用户菜单识别异常</span><br /><br/><span style="color:#FF0000">【error】com.first.uiframework.WebElementUtils：元素：用户菜单识别异常</span><br /><br/><span style="color:#FF0000">【error】com.first.uiframework.WebElementUtils：元素：用户菜单识别异常</span><br /><br/><span style="color:#FF0000">【error】com.first.uiframework.WebElementUtils：元素：用户菜单识别异常</span><br /><br/><span style="color:#FF0000">【error】com.first.uiframework.WebElementUtils：元素：用户菜单识别异常</span><br /><br/><span style="color:#FF0000">【error】com.first.uiframework.WebElementUtils：元素：用户菜单识别异常</span><br /><br/><span style="color:#FF0000">【error】com.first.uiframework.WebElementUtils：元素：用户菜单识别异常</span><br /><br/><span style="color:#FF0000">【error】com.first.uiframework.WebElementUtils：元素：用户菜单识别异常</span><br /><br/><span style="color:#FF0000">【error】com.first.uiframework.WebElementUtils：元素：用户菜单识别异常</span><br /><br/><span style="color:#FF0000">【error】com.first.uiframework.WebElementUtils：元素：用户菜单识别异常</span><br /><br/><span style="color:#FF0000">【error】com.first.uiframework.WebElementUtils：元素：用户菜单识别异常</span><br /><br/><span style="color:#FF0000">【error】com.first.uiframework.WebElementUtils：元素：用户菜单识别异常</span><br /><br/><span style="color:#FF0000">【error】com.first.uiframework.WebElementUtils：元素：用户菜单识别异常</span><br /><br/><span style="color:#FF0000">【error】com.first.uiframework.WebElementUtils：元素：用户菜单识别异常</span><br /><br/><span style="color:#FF0000">【error】com.first.uiframework.WebElementUtils：元素：用户菜单识别异常</span><br /><br/><span style="color:#FF0000">【error】com.first.uiframework.WebElementUtils：元素：用户菜单识别异常</span><br /><br/><span style="color:#FF0000">【error】com.first.uiframework.WebElementUtils：元素：用户菜单识别异常</span><br /><br/><span style="color:#FF0000">【error】com.first.uiframework.WebElementUtils：元素：用户菜单识别异常</span><br /><br/><span style="color:#FF0000">【error】com.first.uiframework.WebElementUtils：元素：用户菜单识别异常</span><br /><br/><span style="color:#FF0000">【error】com.first.uiframework.WebElementUtils：元素：用户菜单识别异常</span><br /><br/><span style="color:#FF0000">【error】com.first.uiframework.WebElementUtils：元素：用户菜单识别异常</span><br /><br/><span style="color:#FF0000">【error】com.first.uiframework.WebElementUtils：元素：用户菜单识别异常</span><br /><br/><span style="color:#FF0000">【error】com.first.uiframework.WebElementUtils：元素：用户菜单识别异常</span><br /><br/><span style="color:#FF0000">【error】com.first.uiframework.WebElementUtils：元素：用户菜单识别异常</span><br /><br/><span style="color:#FF0000">【error】com.first.uiframework.WebElementUtils：元素：用户菜单识别异常</span><br /><br/><span style="color:#FF0000">【error】com.first.uiframework.WebElementUtils：元素：用户菜单识别异常</span><br /><br/><span style="color:#FF0000">【error】com.first.uiframework.WebElementUtils：元素：用户菜单识别异常</span><br /><br/><span style="color:#FF0000">【error】com.first.uiframework.WebElementUtils：元素：用户菜单识别异常</span><br /><br/><span style="color:#FF0000">【error】com.first.uiframework.WebElementUtils：元素：用户菜单识别异常</span><br /><br/><span style="color:#FF0000">【error】com.first.uiframework.WebElementUtils：元素：用户菜单识别异常</span><br /><br/><span style="color:#FF0000">【error】com.first.uiframework.WebElementUtils：元素：用户菜单识别异常</span><br /><br/><span style="color:#FF0000">【error】com.first.uiframework.WebElementUtils：元素：用户菜单识别异常</span><br /><br/><span style="color:#FF0000">【error】com.first.uiframework.WebElementUtils：元素：用户菜单识别异常</span><br /><br/><span style="color:#2A00FF">【info】com.first.utils.TestngRetry：Running retry for 'loginTest01' on class com.first.utils.TestngRetry Retrying 2 times</span><br /><br/><span style="color:#FF0000">【error】com.first.utils.TestNGListener：测试用例被跳过</span><br /></div></td></tr><tr><th>Exception</th></tr><tr><td><div class="stacktrace">org.openqa.selenium.TimeoutException: Expected condition failed: waiting for com.first.uiframework.WebElementUtils$1@7e70bd39 (tried for 20 second(s) with 500 milliseconds interval)
	at org.openqa.selenium.support.ui.WebDriverWait.timeoutException(WebDriverWait.java:81)
	at org.openqa.selenium.support.ui.FluentWait.until(FluentWait.java:271)
	at com.first.uiframework.WebElementUtils.findElement(WebElementUtils.java:60)
	at com.first.uiframework.WebElementUtils.getText(WebElementUtils.java:83)
	at com.first.pages.MainPage.getLoginUserName(MainPage.java:15)
	at com.first.actions.LoginOperate.getLoginName(LoginOperate.java:35)
	at com.first.testcases.LoginTest.loginTest01(LoginTest.java:46)
Caused by: org.openqa.selenium.NoSuchWindowException: no such window: target window already closed
from unknown error: web view not found
  (Session info: chrome=72.0.3626.121)
  (Driver info: chromedriver=2.40.565498 (ea082db3280dd6843ebfb08a625e3eb905c4f5ab),platform=Windows NT 10.0.17134 x86_64) (WARNING: The server did not provide any stacktrace information)
Command duration or timeout: 0 milliseconds
Build info: version: &apos;3.11.0&apos;, revision: &apos;e59cfb3&apos;, time: &apos;2018-03-11T20:26:55.152Z&apos;
System info: host: &apos;YYUF7O9RUYXJ37P&apos;, ip: &apos;192.168.1.109&apos;, os.name: &apos;Windows 10&apos;, os.arch: &apos;amd64&apos;, os.version: &apos;10.0&apos;, java.version: &apos;1.8.0_171&apos;
Driver info: org.openqa.selenium.chrome.ChromeDriver
Capabilities {acceptInsecureCerts: false, acceptSslCerts: false, applicationCacheEnabled: false, browserConnectionEnabled: false, browserName: chrome, chrome: {chromedriverVersion: 2.40.565498 (ea082db3280dd6..., userDataDir: C:\Users\ADMINI~1\AppData\L...}, cssSelectorsEnabled: true, databaseEnabled: false, handlesAlerts: true, hasTouchScreen: false, javascriptEnabled: true, locationContextEnabled: true, mobileEmulationEnabled: false, nativeEvents: true, networkConnectionEnabled: false, pageLoadStrategy: normal, platform: XP, platformName: XP, rotatable: false, setWindowRect: true, takesHeapSnapshot: true, takesScreenshot: true, unexpectedAlertBehaviour: , unhandledPromptBehavior: , version: 72.0.3626.121, webStorageEnabled: true}
Session ID: 710f576627702611e46337e2821c6533
	at org.openqa.selenium.remote.ErrorHandler.createThrowable(ErrorHandler.java:214)
	at org.openqa.selenium.remote.ErrorHandler.throwIfResponseFailed(ErrorHandler.java:166)
	at org.openqa.selenium.remote.http.JsonHttpResponseCodec.reconstructValue(JsonHttpResponseCodec.java:40)
	at org.openqa.selenium.remote.http.AbstractHttpResponseCodec.decode(AbstractHttpResponseCodec.java:80)
	at org.openqa.selenium.remote.http.AbstractHttpResponseCodec.decode(AbstractHttpResponseCodec.java:44)
	at org.openqa.selenium.remote.HttpCommandExecutor.execute(HttpCommandExecutor.java:158)
	at org.openqa.selenium.remote.service.DriverCommandExecutor.execute(DriverCommandExecutor.java:83)
	at org.openqa.selenium.remote.RemoteWebDriver.execute(RemoteWebDriver.java:545)
	at org.openqa.selenium.remote.RemoteWebDriver.execute(RemoteWebDriver.java:602)
	at org.openqa.selenium.remote.RemoteWebDriver.getScreenshotAs(RemoteWebDriver.java:291)
	at com.first.uiframework.DriverUtils.takeScreenShot(DriverUtils.java:74)
	at com.first.uiframework.DriverUtils.takeScreenShot(DriverUtils.java:69)
	at com.first.uiframework.WebElementUtils.getElement(WebElementUtils.java:53)
	at com.first.uiframework.WebElementUtils$1.apply(WebElementUtils.java:62)
	at com.first.uiframework.WebElementUtils$1.apply(WebElementUtils.java:1)
	at org.openqa.selenium.support.ui.FluentWait.until(FluentWait.java:248)
	... 30 more
... Removed 28 stack frames</div></td></tr></table><p class="totop"><a href="#summary">back to summary</a></p>
<h3 id="m2">com.first.testcases.LoginTest#loginTest01</h3><table class="result"><tr><th>Messages</th></tr><tr><td><div class="messages"><span style="color:#2A00FF">【info】com.first.utils.TestNGListener：测试用例开始执行</span><br /><br/><span style="color:#2A00FF">【info】com.first.uiframework.DriverUtils：打开网址https://service.czworks.cn</span><br /><br/><span style="color:#2A00FF">【info】com.first.uiframework.WebElementUtils：在元素 ：请输入账号输入：sysadmin</span><br /><br/><span style="color:#2A00FF">【info】com.first.uiframework.WebElementUtils：在元素 ：请输入密码输入：Cz123456</span><br /><br/><span style="color:#2A00FF">【info】com.first.uiframework.WebElementUtils：在元素 ：请输入公司码输入：nx</span><br /><br/><span style="color:#2A00FF">【info】com.first.uiframework.WebElementUtils：点击元素 ：登录按钮</span><br /><br/><span style="color:#2A00FF">【info】com.first.uiframework.WebElementUtils：获取元素：用户菜单文本值</span><br /><br/><span style="color:#2A00FF">【info】com.first.utils.TestngRetry：Running retry for 'loginTest01' on class com.first.utils.TestngRetry Retrying 1 times</span><br /><br/><span style="color:#FF0000">【error】com.first.utils.TestNGListener：测试用例被跳过</span><br /></div></td></tr><tr><th>Exception</th></tr><tr><td><div class="stacktrace">junit.framework.AssertionFailedError: 登录测试失败 expected:&lt;true&gt; but was:&lt;false&gt;
	at junit.framework.Assert.fail(Assert.java:47)
	at junit.framework.Assert.failNotEquals(Assert.java:282)
	at junit.framework.Assert.assertEquals(Assert.java:64)
	at junit.framework.Assert.assertEquals(Assert.java:149)
	at com.first.testcases.LoginTest.loginTest01(LoginTest.java:49)
... Removed 25 stack frames</div></td></tr></table><p class="totop"><a href="#summary">back to summary</a></p>
</body>
</html>
