<?xml version="1.0" encoding="UTF-8"?>
<testng-results skipped="2" failed="1" ignored="0" total="3" passed="0">
  <reporter-output>
    <line>
      <![CDATA[<span style="color:#2A00FF">【info】com.first.utils.TestNGListener：测试初始化</span><br />]]>
    </line>
    <line>
      <![CDATA[<span style="color:#2A00FF">【info】com.first.utils.TestNGListener：测试用例开始执行</span><br />]]>
    </line>
    <line>
      <![CDATA[<span style="color:#2A00FF">【info】com.first.uiframework.DriverUtils：打开网址https://service.czworks.cn</span><br />]]>
    </line>
    <line>
      <![CDATA[<span style="color:#2A00FF">【info】com.first.uiframework.WebElementUtils：在元素 ：请输入账号输入：sysadmin</span><br />]]>
    </line>
    <line>
      <![CDATA[<span style="color:#2A00FF">【info】com.first.uiframework.WebElementUtils：在元素 ：请输入密码输入：Cz123456</span><br />]]>
    </line>
    <line>
      <![CDATA[<span style="color:#2A00FF">【info】com.first.uiframework.WebElementUtils：在元素 ：请输入公司码输入：nx</span><br />]]>
    </line>
    <line>
      <![CDATA[<span style="color:#2A00FF">【info】com.first.uiframework.WebElementUtils：点击元素 ：登录按钮</span><br />]]>
    </line>
    <line>
      <![CDATA[<span style="color:#2A00FF">【info】com.first.uiframework.WebElementUtils：获取元素：用户菜单文本值</span><br />]]>
    </line>
    <line>
      <![CDATA[<span style="color:#2A00FF">【info】com.first.utils.TestngRetry：Running retry for 'loginTest01' on class com.first.utils.TestngRetry Retrying 1 times</span><br />]]>
    </line>
    <line>
      <![CDATA[<span style="color:#FF0000">【error】com.first.utils.TestNGListener：测试用例被跳过</span><br />]]>
    </line>
    <line>
      <![CDATA[<span style="color:#2A00FF">【info】com.first.utils.TestNGListener：测试用例开始执行</span><br />]]>
    </line>
    <line>
      <![CDATA[<span style="color:#2A00FF">【info】com.first.uiframework.DriverUtils：打开网址https://service.czworks.cn</span><br />]]>
    </line>
    <line>
      <![CDATA[<span style="color:#2A00FF">【info】com.first.uiframework.WebElementUtils：在元素 ：请输入账号输入：sysadmin</span><br />]]>
    </line>
    <line>
      <![CDATA[<span style="color:#2A00FF">【info】com.first.uiframework.WebElementUtils：在元素 ：请输入密码输入：Cz123456</span><br />]]>
    </line>
    <line>
      <![CDATA[<span style="color:#2A00FF">【info】com.first.uiframework.WebElementUtils：在元素 ：请输入公司码输入：nx</span><br />]]>
    </line>
    <line>
      <![CDATA[<span style="color:#2A00FF">【info】com.first.uiframework.WebElementUtils：点击元素 ：登录按钮</span><br />]]>
    </line>
    <line>
      <![CDATA[<span style="color:#FF0000">【error】com.first.uiframework.WebElementUtils：元素：用户菜单识别异常</span><br />]]>
    </line>
    <line>
      <![CDATA[<span style="color:#FF0000">【error】com.first.uiframework.WebElementUtils：元素：用户菜单识别异常</span><br />]]>
    </line>
    <line>
      <![CDATA[<span style="color:#FF0000">【error】com.first.uiframework.WebElementUtils：元素：用户菜单识别异常</span><br />]]>
    </line>
    <line>
      <![CDATA[<span style="color:#FF0000">【error】com.first.uiframework.WebElementUtils：元素：用户菜单识别异常</span><br />]]>
    </line>
    <line>
      <![CDATA[<span style="color:#FF0000">【error】com.first.uiframework.WebElementUtils：元素：用户菜单识别异常</span><br />]]>
    </line>
    <line>
      <![CDATA[<span style="color:#FF0000">【error】com.first.uiframework.WebElementUtils：元素：用户菜单识别异常</span><br />]]>
    </line>
    <line>
      <![CDATA[<span style="color:#FF0000">【error】com.first.uiframework.WebElementUtils：元素：用户菜单识别异常</span><br />]]>
    </line>
    <line>
      <![CDATA[<span style="color:#FF0000">【error】com.first.uiframework.WebElementUtils：元素：用户菜单识别异常</span><br />]]>
    </line>
    <line>
      <![CDATA[<span style="color:#FF0000">【error】com.first.uiframework.WebElementUtils：元素：用户菜单识别异常</span><br />]]>
    </line>
    <line>
      <![CDATA[<span style="color:#FF0000">【error】com.first.uiframework.WebElementUtils：元素：用户菜单识别异常</span><br />]]>
    </line>
    <line>
      <![CDATA[<span style="color:#FF0000">【error】com.first.uiframework.WebElementUtils：元素：用户菜单识别异常</span><br />]]>
    </line>
    <line>
      <![CDATA[<span style="color:#FF0000">【error】com.first.uiframework.WebElementUtils：元素：用户菜单识别异常</span><br />]]>
    </line>
    <line>
      <![CDATA[<span style="color:#FF0000">【error】com.first.uiframework.WebElementUtils：元素：用户菜单识别异常</span><br />]]>
    </line>
    <line>
      <![CDATA[<span style="color:#FF0000">【error】com.first.uiframework.WebElementUtils：元素：用户菜单识别异常</span><br />]]>
    </line>
    <line>
      <![CDATA[<span style="color:#FF0000">【error】com.first.uiframework.WebElementUtils：元素：用户菜单识别异常</span><br />]]>
    </line>
    <line>
      <![CDATA[<span style="color:#FF0000">【error】com.first.uiframework.WebElementUtils：元素：用户菜单识别异常</span><br />]]>
    </line>
    <line>
      <![CDATA[<span style="color:#FF0000">【error】com.first.uiframework.WebElementUtils：元素：用户菜单识别异常</span><br />]]>
    </line>
    <line>
      <![CDATA[<span style="color:#FF0000">【error】com.first.uiframework.WebElementUtils：元素：用户菜单识别异常</span><br />]]>
    </line>
    <line>
      <![CDATA[<span style="color:#FF0000">【error】com.first.uiframework.WebElementUtils：元素：用户菜单识别异常</span><br />]]>
    </line>
    <line>
      <![CDATA[<span style="color:#FF0000">【error】com.first.uiframework.WebElementUtils：元素：用户菜单识别异常</span><br />]]>
    </line>
    <line>
      <![CDATA[<span style="color:#FF0000">【error】com.first.uiframework.WebElementUtils：元素：用户菜单识别异常</span><br />]]>
    </line>
    <line>
      <![CDATA[<span style="color:#FF0000">【error】com.first.uiframework.WebElementUtils：元素：用户菜单识别异常</span><br />]]>
    </line>
    <line>
      <![CDATA[<span style="color:#FF0000">【error】com.first.uiframework.WebElementUtils：元素：用户菜单识别异常</span><br />]]>
    </line>
    <line>
      <![CDATA[<span style="color:#FF0000">【error】com.first.uiframework.WebElementUtils：元素：用户菜单识别异常</span><br />]]>
    </line>
    <line>
      <![CDATA[<span style="color:#FF0000">【error】com.first.uiframework.WebElementUtils：元素：用户菜单识别异常</span><br />]]>
    </line>
    <line>
      <![CDATA[<span style="color:#FF0000">【error】com.first.uiframework.WebElementUtils：元素：用户菜单识别异常</span><br />]]>
    </line>
    <line>
      <![CDATA[<span style="color:#FF0000">【error】com.first.uiframework.WebElementUtils：元素：用户菜单识别异常</span><br />]]>
    </line>
    <line>
      <![CDATA[<span style="color:#FF0000">【error】com.first.uiframework.WebElementUtils：元素：用户菜单识别异常</span><br />]]>
    </line>
    <line>
      <![CDATA[<span style="color:#FF0000">【error】com.first.uiframework.WebElementUtils：元素：用户菜单识别异常</span><br />]]>
    </line>
    <line>
      <![CDATA[<span style="color:#FF0000">【error】com.first.uiframework.WebElementUtils：元素：用户菜单识别异常</span><br />]]>
    </line>
    <line>
      <![CDATA[<span style="color:#FF0000">【error】com.first.uiframework.WebElementUtils：元素：用户菜单识别异常</span><br />]]>
    </line>
    <line>
      <![CDATA[<span style="color:#FF0000">【error】com.first.uiframework.WebElementUtils：元素：用户菜单识别异常</span><br />]]>
    </line>
    <line>
      <![CDATA[<span style="color:#FF0000">【error】com.first.uiframework.WebElementUtils：元素：用户菜单识别异常</span><br />]]>
    </line>
    <line>
      <![CDATA[<span style="color:#FF0000">【error】com.first.uiframework.WebElementUtils：元素：用户菜单识别异常</span><br />]]>
    </line>
    <line>
      <![CDATA[<span style="color:#FF0000">【error】com.first.uiframework.WebElementUtils：元素：用户菜单识别异常</span><br />]]>
    </line>
    <line>
      <![CDATA[<span style="color:#2A00FF">【info】com.first.utils.TestngRetry：Running retry for 'loginTest01' on class com.first.utils.TestngRetry Retrying 2 times</span><br />]]>
    </line>
    <line>
      <![CDATA[<span style="color:#FF0000">【error】com.first.utils.TestNGListener：测试用例被跳过</span><br />]]>
    </line>
    <line>
      <![CDATA[<span style="color:#2A00FF">【info】com.first.utils.TestNGListener：测试用例开始执行</span><br />]]>
    </line>
    <line>
      <![CDATA[<span style="color:#FF0000">【error】com.first.utils.TestNGListener：测试用例执行失败</span><br />]]>
    </line>
  </reporter-output>
  <suite name="suite1" duration-ms="60194" started-at="2019-05-09T05:09:03Z" finished-at="2019-05-09T05:10:03Z">
    <groups>
    </groups>
    <test name="test1" duration-ms="60194" started-at="2019-05-09T05:09:03Z" finished-at="2019-05-09T05:10:03Z">
      <class name="com.first.testcases.LoginTest">
        <test-method status="PASS" signature="setUp()[pri:0, instance:com.first.testcases.LoginTest@2cd76f31]" name="setUp" is-config="true" duration-ms="14359" started-at="2019-05-09T05:09:03Z" finished-at="2019-05-09T05:09:17Z">
          <reporter-output>
          </reporter-output>
        </test-method> <!-- setUp -->
        <test-method status="SKIP" signature="loginTest01()[pri:0, instance:com.first.testcases.LoginTest@2cd76f31]" name="loginTest01" duration-ms="18396" started-at="2019-05-09T05:09:17Z" finished-at="2019-05-09T05:09:36Z">
          <exception class="junit.framework.AssertionFailedError">
            <message>
              <![CDATA[登录测试失败 expected:<true> but was:<false>]]>
            </message>
            <full-stacktrace>
              <![CDATA[junit.framework.AssertionFailedError: 登录测试失败 expected:<true> but was:<false>
at junit.framework.Assert.fail(Assert.java:47)
at junit.framework.Assert.failNotEquals(Assert.java:282)
at junit.framework.Assert.assertEquals(Assert.java:64)
at junit.framework.Assert.assertEquals(Assert.java:149)
at com.first.testcases.LoginTest.loginTest01(LoginTest.java:49)
at sun.reflect.NativeMethodAccessorImpl.invoke0(Native Method)
at sun.reflect.NativeMethodAccessorImpl.invoke(Unknown Source)
at sun.reflect.DelegatingMethodAccessorImpl.invoke(Unknown Source)
at java.lang.reflect.Method.invoke(Unknown Source)
at org.testng.internal.MethodInvocationHelper.invokeMethod(MethodInvocationHelper.java:124)
at org.testng.internal.Invoker.invokeMethod(Invoker.java:580)
at org.testng.internal.Invoker.invokeTestMethod(Invoker.java:716)
at org.testng.internal.Invoker.invokeTestMethods(Invoker.java:988)
at org.testng.internal.TestMethodWorker.invokeTestMethods(TestMethodWorker.java:125)
at org.testng.internal.TestMethodWorker.run(TestMethodWorker.java:109)
at org.testng.TestRunner.privateRun(TestRunner.java:648)
at org.testng.TestRunner.run(TestRunner.java:505)
at org.testng.SuiteRunner.runTest(SuiteRunner.java:455)
at org.testng.SuiteRunner.runSequentially(SuiteRunner.java:450)
at org.testng.SuiteRunner.privateRun(SuiteRunner.java:415)
at org.testng.SuiteRunner.run(SuiteRunner.java:364)
at org.testng.SuiteRunnerWorker.runSuite(SuiteRunnerWorker.java:52)
at org.testng.SuiteRunnerWorker.run(SuiteRunnerWorker.java:84)
at org.testng.TestNG.runSuitesSequentially(TestNG.java:1208)
at org.testng.TestNG.runSuitesLocally(TestNG.java:1137)
at org.testng.TestNG.runSuites(TestNG.java:1049)
at org.testng.TestNG.run(TestNG.java:1017)
at org.testng.remote.AbstractRemoteTestNG.run(AbstractRemoteTestNG.java:114)
at org.testng.remote.RemoteTestNG.initAndRun(RemoteTestNG.java:251)
at org.testng.remote.RemoteTestNG.main(RemoteTestNG.java:77)
]]>
            </full-stacktrace>
          </exception> <!-- junit.framework.AssertionFailedError -->
          <reporter-output>
            <line>
              <![CDATA[<span style="color:#2A00FF">【info】com.first.utils.TestNGListener：测试用例开始执行</span><br />]]>
            </line>
            <line>
              <![CDATA[<span style="color:#2A00FF">【info】com.first.uiframework.DriverUtils：打开网址https://service.czworks.cn</span><br />]]>
            </line>
            <line>
              <![CDATA[<span style="color:#2A00FF">【info】com.first.uiframework.WebElementUtils：在元素 ：请输入账号输入：sysadmin</span><br />]]>
            </line>
            <line>
              <![CDATA[<span style="color:#2A00FF">【info】com.first.uiframework.WebElementUtils：在元素 ：请输入密码输入：Cz123456</span><br />]]>
            </line>
            <line>
              <![CDATA[<span style="color:#2A00FF">【info】com.first.uiframework.WebElementUtils：在元素 ：请输入公司码输入：nx</span><br />]]>
            </line>
            <line>
              <![CDATA[<span style="color:#2A00FF">【info】com.first.uiframework.WebElementUtils：点击元素 ：登录按钮</span><br />]]>
            </line>
            <line>
              <![CDATA[<span style="color:#2A00FF">【info】com.first.uiframework.WebElementUtils：获取元素：用户菜单文本值</span><br />]]>
            </line>
            <line>
              <![CDATA[<span style="color:#2A00FF">【info】com.first.utils.TestngRetry：Running retry for 'loginTest01' on class com.first.utils.TestngRetry Retrying 1 times</span><br />]]>
            </line>
            <line>
              <![CDATA[<span style="color:#FF0000">【error】com.first.utils.TestNGListener：测试用例被跳过</span><br />]]>
            </line>
          </reporter-output>
        </test-method> <!-- loginTest01 -->
        <test-method status="SKIP" signature="loginTest01()[pri:0, instance:com.first.testcases.LoginTest@2cd76f31]" name="loginTest01" duration-ms="23333" started-at="2019-05-09T05:09:36Z" finished-at="2019-05-09T05:09:59Z">
          <exception class="org.openqa.selenium.TimeoutException">
            <message>
              <![CDATA[Expected condition failed: waiting for com.first.uiframework.WebElementUtils$1@7e70bd39 (tried for 20 second(s) with 500 milliseconds interval)]]>
            </message>
            <full-stacktrace>
              <![CDATA[org.openqa.selenium.TimeoutException: Expected condition failed: waiting for com.first.uiframework.WebElementUtils$1@7e70bd39 (tried for 20 second(s) with 500 milliseconds interval)
at org.openqa.selenium.support.ui.WebDriverWait.timeoutException(WebDriverWait.java:81)
at org.openqa.selenium.support.ui.FluentWait.until(FluentWait.java:271)
at com.first.uiframework.WebElementUtils.findElement(WebElementUtils.java:60)
at com.first.uiframework.WebElementUtils.getText(WebElementUtils.java:83)
at com.first.pages.MainPage.getLoginUserName(MainPage.java:15)
at com.first.actions.LoginOperate.getLoginName(LoginOperate.java:35)
at com.first.testcases.LoginTest.loginTest01(LoginTest.java:46)
at sun.reflect.NativeMethodAccessorImpl.invoke0(Native Method)
at sun.reflect.NativeMethodAccessorImpl.invoke(Unknown Source)
at sun.reflect.DelegatingMethodAccessorImpl.invoke(Unknown Source)
at java.lang.reflect.Method.invoke(Unknown Source)
at org.testng.internal.MethodInvocationHelper.invokeMethod(MethodInvocationHelper.java:124)
at org.testng.internal.Invoker.invokeMethod(Invoker.java:580)
at org.testng.internal.Invoker.retryFailed(Invoker.java:838)
at org.testng.internal.Invoker.invokeTestMethods(Invoker.java:1009)
at org.testng.internal.TestMethodWorker.invokeTestMethods(TestMethodWorker.java:125)
at org.testng.internal.TestMethodWorker.run(TestMethodWorker.java:109)
at org.testng.TestRunner.privateRun(TestRunner.java:648)
at org.testng.TestRunner.run(TestRunner.java:505)
at org.testng.SuiteRunner.runTest(SuiteRunner.java:455)
at org.testng.SuiteRunner.runSequentially(SuiteRunner.java:450)
at org.testng.SuiteRunner.privateRun(SuiteRunner.java:415)
at org.testng.SuiteRunner.run(SuiteRunner.java:364)
at org.testng.SuiteRunnerWorker.runSuite(SuiteRunnerWorker.java:52)
at org.testng.SuiteRunnerWorker.run(SuiteRunnerWorker.java:84)
at org.testng.TestNG.runSuitesSequentially(TestNG.java:1208)
at org.testng.TestNG.runSuitesLocally(TestNG.java:1137)
at org.testng.TestNG.runSuites(TestNG.java:1049)
at org.testng.TestNG.run(TestNG.java:1017)
at org.testng.remote.AbstractRemoteTestNG.run(AbstractRemoteTestNG.java:114)
at org.testng.remote.RemoteTestNG.initAndRun(RemoteTestNG.java:251)
at org.testng.remote.RemoteTestNG.main(RemoteTestNG.java:77)
Caused by: org.openqa.selenium.NoSuchWindowException: no such window: target window already closed
from unknown error: web view not found
  (Session info: chrome=72.0.3626.121)
  (Driver info: chromedriver=2.40.565498 (ea082db3280dd6843ebfb08a625e3eb905c4f5ab),platform=Windows NT 10.0.17134 x86_64) (WARNING: The server did not provide any stacktrace information)
Command duration or timeout: 0 milliseconds
Build info: version: '3.11.0', revision: 'e59cfb3', time: '2018-03-11T20:26:55.152Z'
System info: host: 'YYUF7O9RUYXJ37P', ip: '192.168.1.109', os.name: 'Windows 10', os.arch: 'amd64', os.version: '10.0', java.version: '1.8.0_171'
Driver info: org.openqa.selenium.chrome.ChromeDriver
Capabilities {acceptInsecureCerts: false, acceptSslCerts: false, applicationCacheEnabled: false, browserConnectionEnabled: false, browserName: chrome, chrome: {chromedriverVersion: 2.40.565498 (ea082db3280dd6..., userDataDir: C:\Users\ADMINI~1\AppData\L...}, cssSelectorsEnabled: true, databaseEnabled: false, handlesAlerts: true, hasTouchScreen: false, javascriptEnabled: true, locationContextEnabled: true, mobileEmulationEnabled: false, nativeEvents: true, networkConnectionEnabled: false, pageLoadStrategy: normal, platform: XP, platformName: XP, rotatable: false, setWindowRect: true, takesHeapSnapshot: true, takesScreenshot: true, unexpectedAlertBehaviour: , unhandledPromptBehavior: , version: 72.0.3626.121, webStorageEnabled: true}
Session ID: 710f576627702611e46337e2821c6533
at sun.reflect.GeneratedConstructorAccessor28.newInstance(Unknown Source)
at sun.reflect.DelegatingConstructorAccessorImpl.newInstance(Unknown Source)
at java.lang.reflect.Constructor.newInstance(Unknown Source)
at org.openqa.selenium.remote.ErrorHandler.createThrowable(ErrorHandler.java:214)
at org.openqa.selenium.remote.ErrorHandler.throwIfResponseFailed(ErrorHandler.java:166)
at org.openqa.selenium.remote.http.JsonHttpResponseCodec.reconstructValue(JsonHttpResponseCodec.java:40)
at org.openqa.selenium.remote.http.AbstractHttpResponseCodec.decode(AbstractHttpResponseCodec.java:80)
at org.openqa.selenium.remote.http.AbstractHttpResponseCodec.decode(AbstractHttpResponseCodec.java:44)
at org.openqa.selenium.remote.HttpCommandExecutor.execute(HttpCommandExecutor.java:158)
at org.openqa.selenium.remote.service.DriverCommandExecutor.execute(DriverCommandExecutor.java:83)
at org.openqa.selenium.remote.RemoteWebDriver.execute(RemoteWebDriver.java:545)
at org.openqa.selenium.remote.RemoteWebDriver.execute(RemoteWebDriver.java:602)
at org.openqa.selenium.remote.RemoteWebDriver.getScreenshotAs(RemoteWebDriver.java:291)
at com.first.uiframework.DriverUtils.takeScreenShot(DriverUtils.java:74)
at com.first.uiframework.DriverUtils.takeScreenShot(DriverUtils.java:69)
at com.first.uiframework.WebElementUtils.getElement(WebElementUtils.java:53)
at com.first.uiframework.WebElementUtils$1.apply(WebElementUtils.java:62)
at com.first.uiframework.WebElementUtils$1.apply(WebElementUtils.java:1)
at org.openqa.selenium.support.ui.FluentWait.until(FluentWait.java:248)
... 30 more
]]>
            </full-stacktrace>
          </exception> <!-- org.openqa.selenium.TimeoutException -->
          <reporter-output>
            <line>
              <![CDATA[<span style="color:#2A00FF">【info】com.first.utils.TestNGListener：测试用例开始执行</span><br />]]>
            </line>
            <line>
              <![CDATA[<span style="color:#2A00FF">【info】com.first.uiframework.DriverUtils：打开网址https://service.czworks.cn</span><br />]]>
            </line>
            <line>
              <![CDATA[<span style="color:#2A00FF">【info】com.first.uiframework.WebElementUtils：在元素 ：请输入账号输入：sysadmin</span><br />]]>
            </line>
            <line>
              <![CDATA[<span style="color:#2A00FF">【info】com.first.uiframework.WebElementUtils：在元素 ：请输入密码输入：Cz123456</span><br />]]>
            </line>
            <line>
              <![CDATA[<span style="color:#2A00FF">【info】com.first.uiframework.WebElementUtils：在元素 ：请输入公司码输入：nx</span><br />]]>
            </line>
            <line>
              <![CDATA[<span style="color:#2A00FF">【info】com.first.uiframework.WebElementUtils：点击元素 ：登录按钮</span><br />]]>
            </line>
            <line>
              <![CDATA[<span style="color:#FF0000">【error】com.first.uiframework.WebElementUtils：元素：用户菜单识别异常</span><br />]]>
            </line>
            <line>
              <![CDATA[<span style="color:#FF0000">【error】com.first.uiframework.WebElementUtils：元素：用户菜单识别异常</span><br />]]>
            </line>
            <line>
              <![CDATA[<span style="color:#FF0000">【error】com.first.uiframework.WebElementUtils：元素：用户菜单识别异常</span><br />]]>
            </line>
            <line>
              <![CDATA[<span style="color:#FF0000">【error】com.first.uiframework.WebElementUtils：元素：用户菜单识别异常</span><br />]]>
            </line>
            <line>
              <![CDATA[<span style="color:#FF0000">【error】com.first.uiframework.WebElementUtils：元素：用户菜单识别异常</span><br />]]>
            </line>
            <line>
              <![CDATA[<span style="color:#FF0000">【error】com.first.uiframework.WebElementUtils：元素：用户菜单识别异常</span><br />]]>
            </line>
            <line>
              <![CDATA[<span style="color:#FF0000">【error】com.first.uiframework.WebElementUtils：元素：用户菜单识别异常</span><br />]]>
            </line>
            <line>
              <![CDATA[<span style="color:#FF0000">【error】com.first.uiframework.WebElementUtils：元素：用户菜单识别异常</span><br />]]>
            </line>
            <line>
              <![CDATA[<span style="color:#FF0000">【error】com.first.uiframework.WebElementUtils：元素：用户菜单识别异常</span><br />]]>
            </line>
            <line>
              <![CDATA[<span style="color:#FF0000">【error】com.first.uiframework.WebElementUtils：元素：用户菜单识别异常</span><br />]]>
            </line>
            <line>
              <![CDATA[<span style="color:#FF0000">【error】com.first.uiframework.WebElementUtils：元素：用户菜单识别异常</span><br />]]>
            </line>
            <line>
              <![CDATA[<span style="color:#FF0000">【error】com.first.uiframework.WebElementUtils：元素：用户菜单识别异常</span><br />]]>
            </line>
            <line>
              <![CDATA[<span style="color:#FF0000">【error】com.first.uiframework.WebElementUtils：元素：用户菜单识别异常</span><br />]]>
            </line>
            <line>
              <![CDATA[<span style="color:#FF0000">【error】com.first.uiframework.WebElementUtils：元素：用户菜单识别异常</span><br />]]>
            </line>
            <line>
              <![CDATA[<span style="color:#FF0000">【error】com.first.uiframework.WebElementUtils：元素：用户菜单识别异常</span><br />]]>
            </line>
            <line>
              <![CDATA[<span style="color:#FF0000">【error】com.first.uiframework.WebElementUtils：元素：用户菜单识别异常</span><br />]]>
            </line>
            <line>
              <![CDATA[<span style="color:#FF0000">【error】com.first.uiframework.WebElementUtils：元素：用户菜单识别异常</span><br />]]>
            </line>
            <line>
              <![CDATA[<span style="color:#FF0000">【error】com.first.uiframework.WebElementUtils：元素：用户菜单识别异常</span><br />]]>
            </line>
            <line>
              <![CDATA[<span style="color:#FF0000">【error】com.first.uiframework.WebElementUtils：元素：用户菜单识别异常</span><br />]]>
            </line>
            <line>
              <![CDATA[<span style="color:#FF0000">【error】com.first.uiframework.WebElementUtils：元素：用户菜单识别异常</span><br />]]>
            </line>
            <line>
              <![CDATA[<span style="color:#FF0000">【error】com.first.uiframework.WebElementUtils：元素：用户菜单识别异常</span><br />]]>
            </line>
            <line>
              <![CDATA[<span style="color:#FF0000">【error】com.first.uiframework.WebElementUtils：元素：用户菜单识别异常</span><br />]]>
            </line>
            <line>
              <![CDATA[<span style="color:#FF0000">【error】com.first.uiframework.WebElementUtils：元素：用户菜单识别异常</span><br />]]>
            </line>
            <line>
              <![CDATA[<span style="color:#FF0000">【error】com.first.uiframework.WebElementUtils：元素：用户菜单识别异常</span><br />]]>
            </line>
            <line>
              <![CDATA[<span style="color:#FF0000">【error】com.first.uiframework.WebElementUtils：元素：用户菜单识别异常</span><br />]]>
            </line>
            <line>
              <![CDATA[<span style="color:#FF0000">【error】com.first.uiframework.WebElementUtils：元素：用户菜单识别异常</span><br />]]>
            </line>
            <line>
              <![CDATA[<span style="color:#FF0000">【error】com.first.uiframework.WebElementUtils：元素：用户菜单识别异常</span><br />]]>
            </line>
            <line>
              <![CDATA[<span style="color:#FF0000">【error】com.first.uiframework.WebElementUtils：元素：用户菜单识别异常</span><br />]]>
            </line>
            <line>
              <![CDATA[<span style="color:#FF0000">【error】com.first.uiframework.WebElementUtils：元素：用户菜单识别异常</span><br />]]>
            </line>
            <line>
              <![CDATA[<span style="color:#FF0000">【error】com.first.uiframework.WebElementUtils：元素：用户菜单识别异常</span><br />]]>
            </line>
            <line>
              <![CDATA[<span style="color:#FF0000">【error】com.first.uiframework.WebElementUtils：元素：用户菜单识别异常</span><br />]]>
            </line>
            <line>
              <![CDATA[<span style="color:#FF0000">【error】com.first.uiframework.WebElementUtils：元素：用户菜单识别异常</span><br />]]>
            </line>
            <line>
              <![CDATA[<span style="color:#FF0000">【error】com.first.uiframework.WebElementUtils：元素：用户菜单识别异常</span><br />]]>
            </line>
            <line>
              <![CDATA[<span style="color:#FF0000">【error】com.first.uiframework.WebElementUtils：元素：用户菜单识别异常</span><br />]]>
            </line>
            <line>
              <![CDATA[<span style="color:#FF0000">【error】com.first.uiframework.WebElementUtils：元素：用户菜单识别异常</span><br />]]>
            </line>
            <line>
              <![CDATA[<span style="color:#2A00FF">【info】com.first.utils.TestngRetry：Running retry for 'loginTest01' on class com.first.utils.TestngRetry Retrying 2 times</span><br />]]>
            </line>
            <line>
              <![CDATA[<span style="color:#FF0000">【error】com.first.utils.TestNGListener：测试用例被跳过</span><br />]]>
            </line>
          </reporter-output>
        </test-method> <!-- loginTest01 -->
        <test-method status="FAIL" signature="loginTest01()[pri:0, instance:com.first.testcases.LoginTest@2cd76f31]" name="loginTest01" duration-ms="35" started-at="2019-05-09T05:09:59Z" finished-at="2019-05-09T05:09:59Z">
          <exception class="org.openqa.selenium.NoSuchWindowException">
            <message>
              <![CDATA[no such window: target window already closed
from unknown error: web view not found
  (Session info: chrome=72.0.3626.121)
  (Driver info: chromedriver=2.40.565498 (ea082db3280dd6843ebfb08a625e3eb905c4f5ab),platform=Windows NT 10.0.17134 x86_64) (WARNING: The server did not provide any stacktrace information)
Command duration or timeout: 0 milliseconds
Build info: version: '3.11.0', revision: 'e59cfb3', time: '2018-03-11T20:26:55.152Z'
System info: host: 'YYUF7O9RUYXJ37P', ip: '192.168.1.109', os.name: 'Windows 10', os.arch: 'amd64', os.version: '10.0', java.version: '1.8.0_171'
Driver info: org.openqa.selenium.chrome.ChromeDriver
Capabilities {acceptInsecureCerts: false, acceptSslCerts: false, applicationCacheEnabled: false, browserConnectionEnabled: false, browserName: chrome, chrome: {chromedriverVersion: 2.40.565498 (ea082db3280dd6..., userDataDir: C:\Users\ADMINI~1\AppData\L...}, cssSelectorsEnabled: true, databaseEnabled: false, handlesAlerts: true, hasTouchScreen: false, javascriptEnabled: true, locationContextEnabled: true, mobileEmulationEnabled: false, nativeEvents: true, networkConnectionEnabled: false, pageLoadStrategy: normal, platform: XP, platformName: XP, rotatable: false, setWindowRect: true, takesHeapSnapshot: true, takesScreenshot: true, unexpectedAlertBehaviour: , unhandledPromptBehavior: , version: 72.0.3626.121, webStorageEnabled: true}
Session ID: 710f576627702611e46337e2821c6533]]>
            </message>
            <full-stacktrace>
              <![CDATA[org.openqa.selenium.NoSuchWindowException: no such window: target window already closed
from unknown error: web view not found
  (Session info: chrome=72.0.3626.121)
  (Driver info: chromedriver=2.40.565498 (ea082db3280dd6843ebfb08a625e3eb905c4f5ab),platform=Windows NT 10.0.17134 x86_64) (WARNING: The server did not provide any stacktrace information)
Command duration or timeout: 0 milliseconds
Build info: version: '3.11.0', revision: 'e59cfb3', time: '2018-03-11T20:26:55.152Z'
System info: host: 'YYUF7O9RUYXJ37P', ip: '192.168.1.109', os.name: 'Windows 10', os.arch: 'amd64', os.version: '10.0', java.version: '1.8.0_171'
Driver info: org.openqa.selenium.chrome.ChromeDriver
Capabilities {acceptInsecureCerts: false, acceptSslCerts: false, applicationCacheEnabled: false, browserConnectionEnabled: false, browserName: chrome, chrome: {chromedriverVersion: 2.40.565498 (ea082db3280dd6..., userDataDir: C:\Users\ADMINI~1\AppData\L...}, cssSelectorsEnabled: true, databaseEnabled: false, handlesAlerts: true, hasTouchScreen: false, javascriptEnabled: true, locationContextEnabled: true, mobileEmulationEnabled: false, nativeEvents: true, networkConnectionEnabled: false, pageLoadStrategy: normal, platform: XP, platformName: XP, rotatable: false, setWindowRect: true, takesHeapSnapshot: true, takesScreenshot: true, unexpectedAlertBehaviour: , unhandledPromptBehavior: , version: 72.0.3626.121, webStorageEnabled: true}
Session ID: 710f576627702611e46337e2821c6533
at sun.reflect.GeneratedConstructorAccessor28.newInstance(Unknown Source)
at sun.reflect.DelegatingConstructorAccessorImpl.newInstance(Unknown Source)
at java.lang.reflect.Constructor.newInstance(Unknown Source)
at org.openqa.selenium.remote.ErrorHandler.createThrowable(ErrorHandler.java:214)
at org.openqa.selenium.remote.ErrorHandler.throwIfResponseFailed(ErrorHandler.java:166)
at org.openqa.selenium.remote.http.JsonHttpResponseCodec.reconstructValue(JsonHttpResponseCodec.java:40)
at org.openqa.selenium.remote.http.AbstractHttpResponseCodec.decode(AbstractHttpResponseCodec.java:80)
at org.openqa.selenium.remote.http.AbstractHttpResponseCodec.decode(AbstractHttpResponseCodec.java:44)
at org.openqa.selenium.remote.HttpCommandExecutor.execute(HttpCommandExecutor.java:158)
at org.openqa.selenium.remote.service.DriverCommandExecutor.execute(DriverCommandExecutor.java:83)
at org.openqa.selenium.remote.RemoteWebDriver.execute(RemoteWebDriver.java:545)
at org.openqa.selenium.remote.RemoteWebDriver.get(RemoteWebDriver.java:273)
at com.first.uiframework.DriverUtils.openWeb(DriverUtils.java:29)
at com.first.pages.LoginPage.<init>(LoginPage.java:23)
at com.first.actions.LoginOperate.LoginSuess(LoginOperate.java:26)
at com.first.actions.LoginOperate.getLoginName(LoginOperate.java:34)
at com.first.testcases.LoginTest.loginTest01(LoginTest.java:46)
at sun.reflect.NativeMethodAccessorImpl.invoke0(Native Method)
at sun.reflect.NativeMethodAccessorImpl.invoke(Unknown Source)
at sun.reflect.DelegatingMethodAccessorImpl.invoke(Unknown Source)
at java.lang.reflect.Method.invoke(Unknown Source)
at org.testng.internal.MethodInvocationHelper.invokeMethod(MethodInvocationHelper.java:124)
at org.testng.internal.Invoker.invokeMethod(Invoker.java:580)
at org.testng.internal.Invoker.retryFailed(Invoker.java:838)
at org.testng.internal.Invoker.invokeTestMethods(Invoker.java:1009)
at org.testng.internal.TestMethodWorker.invokeTestMethods(TestMethodWorker.java:125)
at org.testng.internal.TestMethodWorker.run(TestMethodWorker.java:109)
at org.testng.TestRunner.privateRun(TestRunner.java:648)
at org.testng.TestRunner.run(TestRunner.java:505)
at org.testng.SuiteRunner.runTest(SuiteRunner.java:455)
at org.testng.SuiteRunner.runSequentially(SuiteRunner.java:450)
at org.testng.SuiteRunner.privateRun(SuiteRunner.java:415)
at org.testng.SuiteRunner.run(SuiteRunner.java:364)
at org.testng.SuiteRunnerWorker.runSuite(SuiteRunnerWorker.java:52)
at org.testng.SuiteRunnerWorker.run(SuiteRunnerWorker.java:84)
at org.testng.TestNG.runSuitesSequentially(TestNG.java:1208)
at org.testng.TestNG.runSuitesLocally(TestNG.java:1137)
at org.testng.TestNG.runSuites(TestNG.java:1049)
at org.testng.TestNG.run(TestNG.java:1017)
at org.testng.remote.AbstractRemoteTestNG.run(AbstractRemoteTestNG.java:114)
at org.testng.remote.RemoteTestNG.initAndRun(RemoteTestNG.java:251)
at org.testng.remote.RemoteTestNG.main(RemoteTestNG.java:77)
]]>
            </full-stacktrace>
          </exception> <!-- org.openqa.selenium.NoSuchWindowException -->
          <reporter-output>
            <line>
              <![CDATA[<span style="color:#2A00FF">【info】com.first.utils.TestNGListener：测试用例开始执行</span><br />]]>
            </line>
            <line>
              <![CDATA[<span style="color:#FF0000">【error】com.first.utils.TestNGListener：测试用例执行失败</span><br />]]>
            </line>
          </reporter-output>
        </test-method> <!-- loginTest01 -->
        <test-method status="PASS" signature="tearDown()[pri:0, instance:com.first.testcases.LoginTest@2cd76f31]" name="tearDown" is-config="true" duration-ms="3883" started-at="2019-05-09T05:09:59Z" finished-at="2019-05-09T05:10:03Z">
          <reporter-output>
          </reporter-output>
        </test-method> <!-- tearDown -->
      </class> <!-- com.first.testcases.LoginTest -->
    </test> <!-- test1 -->
  </suite> <!-- suite1 -->
</testng-results>
